<?xml version="1.0" encoding="UTF-8"?>
<testsuite xmlns:xsi="http://www.w3.org/2001/XMLSchema-instance" xsi:noNamespaceSchemaLocation="https://maven.apache.org/surefire/maven-surefire-plugin/xsd/surefire-test-report-3.0.xsd" version="3.0" name="com.techready.challenge.tdd.JsonCsvConverterTest" time="0.035" tests="3" errors="0" skipped="0" failures="0">
  <properties>
[...]
</properties>
  <testcase name="whenJsonHasMultipleObjects_shouldParseJsonIntoCsvRows" classname="com.techready.challenge.tdd.JsonCsvConverterTest" time="0.008"/>
  <testcase name="shouldParseJsonIntoCsvRow" classname="com.techready.challenge.tdd.JsonCsvConverterTest" time="0.008">
    <system-out><![CDATA[Passed json is not an array!
]]></system-out>
  </testcase>
  <testcase name="whenJsonIsEmpty_shouldThrowException" classname="com.techready.challenge.tdd.JsonCsvConverterTest" time="0.0"/>
</testsuite>